[debug] [2021-04-22T13:44:12.280Z] ----------------------------------------------------------------------
[debug] [2021-04-22T13:44:12.285Z] Command:       /usr/bin/node /usr/local/bin/firebase init
[debug] [2021-04-22T13:44:12.285Z] CLI Version:   9.10.0
[debug] [2021-04-22T13:44:12.285Z] Platform:      linux
[debug] [2021-04-22T13:44:12.286Z] Node Version:  v12.18.2
[debug] [2021-04-22T13:44:12.291Z] Time:          Thu Apr 22 2021 19:14:12 GMT+0530 (India Standard Time)
[debug] [2021-04-22T13:44:12.291Z] ----------------------------------------------------------------------
[debug] 
[debug] [2021-04-22T13:44:12.306Z] > command requires scopes: ["email","openid","https://www.googleapis.com/auth/cloudplatformprojects.readonly","https://www.googleapis.com/auth/firebase","https://www.googleapis.com/auth/cloud-platform"]
[debug] [2021-04-22T13:44:12.307Z] > authorizing via signed-in user (tummalamanoj2002@gmail.com)
[info] 
     ######## #### ########  ######## ########     ###     ######  ########
     ##        ##  ##     ## ##       ##     ##  ##   ##  ##       ##
     ######    ##  ########  ######   ########  #########  ######  ######
     ##        ##  ##    ##  ##       ##     ## ##     ##       ## ##
     ##       #### ##     ## ######## ########  ##     ##  ######  ########

You're about to initialize a Firebase project in this directory:

  /home/manoj/Desktop/clipboard

Before we get started, keep in mind:

  * You are initializing in an existing Firebase project directory

[info] 
=== Project Setup
[info] 
[info] First, let's associate this project directory with a Firebase project.
[info] You can create multiple project aliases by running firebase use --add, 
[info] but for now we'll just set up a default project.
[info] 
[info] i  .firebaserc already has a default project, using sample-52c33. 
[debug] [2021-04-22T13:44:38.424Z] > refreshing access token with scopes: []
[debug] [2021-04-22T13:44:38.425Z] >>> HTTP REQUEST POST https://www.googleapis.com/oauth2/v3/token  
 <request body omitted>
